2023-08-15 13:45:00 checkout 200 120ms user1234 tx5678 Purchased iPhone 13
2023-08-15 13:46:00 checkout 500 150ms user2345 tx6789 Transaction failed
2023-08-15 13:47:00 checkout 404 100ms user3456 tx7890 Product not found
2023-08-15 13:48:00 checkout 200 130ms user4567 tx8901 Purchased Samsung Galaxy S21
2023-08-15 13:49:00 checkout 200 110ms user5678 tx9012 Purchased MacBook Pro
2023-08-15 13:50:00 checkout 200 140ms user6789 tx0123 Purchased Google Pixel 6
2023-08-15 13:51:00 checkout 200 125ms user7890 tx1234 Purchased Sony WH-1000XM4
2023-08-15 13:52:00 checkout 500 160ms user8901 tx2345 Payment gateway error
2023-08-15 13:53:00 checkout 200 115ms user9012 tx3456 Purchased Purchased iPhone 13
2023-08-15 13:54:00 checkout 200 145ms user0123 tx4567 Purchased Xbox Series X
2023-08-15 13:55:00 checkout 200 135ms user1235 tx5678 Purchased PlayStation 5
2023-08-15 13:56:00 checkout 400 150ms user2346 tx6789 Invalid payment method
2023-08-15 13:57:00 checkout 200 110ms user3457 tx7890 Purchased Dell XPS 13
2023-08-15 13:58:00 checkout 200 120ms user4568 tx8901 Purchased HP Spectre x360
2023-08-15 13:59:00 checkout 200 130ms user5679 tx9012 Purchased Apple Watch
2023-08-15 14:00:00 checkout 200 140ms user6780 tx0123 Purchased Samsung Galaxy Watch
2023-08-15 14:01:00 checkout 500 160ms user7891 tx1234 Internal server error
2023-08-15 14:02:00 checkout 200 150ms user8902 tx2345 Purchased Bose QuietComfort 35
2023-08-15 14:03:00 payment 200 110ms user9013 tx3456 payment Sony A7 III
2023-08-15 14:04:00 payment 404 100ms user0124 tx4567 Page not found
2023-08-15 14:06:00 promo 200 125ms user2347 tx6789 promo DJI Mavic Air 2
2023-08-15 14:07:00 promo 200 135ms user3458 tx7890 promo Fitbit Charge 4
2023-08-15 14:08:00 promo 500 150ms user4569 tx8901 promo processing error
2023-08-15 14:09:00 checkout 200 140ms user5670 tx9012 Purchased Purchased iPhone 13
2023-08-15 14:10:00 checkout 200 130ms user6781 tx0123 Purchased Oculus Quest 2
2023-08-15 14:11:00 checkout 200 145ms user7892 tx1234 Purchased Apple AirPods Pro
2023-08-15 14:12:00 checkout 400 160ms user8903 tx2345 Bad request
2023-08-15 14:13:00 checkout 200 120ms user9014 tx3456 Purchased Logitech MX Master 3
2023-08-15 14:14:00 checkout 200 110ms user0125 tx4567 Purchased Razer DeathAdder V2
2023-08-15 14:15:00 checkout 200 130ms user1237 tx5678 Purchased ASUS ROG Phone 5
2023-08-15 14:16:00 checkout 200 140ms user2348 tx6789 Purchased OnePlus 9 Pro
2023-08-15 14:17:00 checkout 200 150ms user3459 tx7890 Purchased Microsoft Surface Pro 7
2023-08-15 14:18:00 checkout 500 160ms user4560 tx8901 Server error
2023-08-15 14:19:00 checkout 200 115ms user5671 tx9012 Purchased Lenovo ThinkPad X1
2023-08-15 14:20:00 checkout 200 125ms user6782 tx0123 Purchased Alienware m15
2023-08-15 14:21:00 checkout 200 135ms user7893 tx1234 Purchased Razer Blade 15
2023-08-15 14:22:00 checkout 200 145ms user8904 tx2345 Purchased Acer Predator Helios 300
2023-08-15 14:23:00 checkout 200 110ms user9015 tx3456 Purchased Samsung T7 Portable SSD
2023-08-15 14:24:00 checkout 200 120ms user0126 tx4567 Purchased WD My Passport
2023-08-15 14:25:00 checkout 200 130ms user1238 tx5678 Purchased Purchased iPhone 13
2023-08-15 14:26:00 checkout 200 140ms user2349 tx6789 Purchased SanDisk Extreme Portable SSD
2023-08-15 14:27:00 checkout 500 150ms user3450 tx7890 Payment timeout
2023-08-15 14:28:00 checkout 200 125ms user4561 tx8901 Purchased Crucial MX500
2023-08-15 14:29:00 checkout 200 115ms user5672 tx9012 Purchased Kingston A2000
2023-08-15 14:30:00 checkout 200 145ms user6783 tx0123 Purchased Corsair Vengeance LPX
2023-08-15 14:31:00 checkout 400 150ms user7894 tx1234 Invalid request
2023-08-15 14:32:00 checkout 200 135ms user8905 tx2345 Purchased G.SKILL Trident Z
2023-08-15 14:33:00 checkout 200 140ms user9016 tx3456 Purchased HyperX Fury
2023-08-15 14:34:00 checkout 200 120ms user0127 tx4567 Purchased Samsung 970 EVO
